#
# A fatal error has been detected by the Java Runtime Environment:
#
#  Internal Error (sharedRuntime.cpp:706), pid=5195, tid=140721701869312
#  guarantee(false) failed: missing exception handler
#
# JRE version: Java(TM) SE Runtime Environment (7.0_79-b15) (build 1.7.0_79-b15)
# Java VM: Java HotSpot(TM) 64-Bit Server VM (24.79-b02 mixed mode linux-amd64 compressed oops)
# Failed to write core dump. Core dumps have been disabled. To enable core dumping, try "ulimit -c unlimited" before starting Java again
#
# If you would like to submit a bug report, please visit:
#   http://bugreport.java.com/bugreport/crash.jsp
#

---------------  T H R E A D  ---------------

Current thread (0x00007ffc5c206000):  JavaThread "http-nio-8004-exec-131" daemon [_thread_in_vm, id=28799, stack(0x00007ffc52fd5000,0x00007ffc530d6000)]

Stack: [0x00007ffc52fd5000,0x00007ffc530d6000],  sp=0x00007ffc530d32e0,  free space=1016k
Native frames: (J=compiled Java code, j=interpreted, Vv=VM code, C=native code)
V  [libjvm.so+0x9a32da]  VMError::report_and_die()+0x2ea
V  [libjvm.so+0x497fe2]  report_vm_error(char const*, int, char const*, char const*)+0x62
V  [libjvm.so+0x8b5730]  SharedRuntime::compute_compiled_exc_handler(nmethod*, unsigned char*, Handle&, bool, bool)+0x470
V  [libjvm.so+0x8acf7b]  OptoRuntime::handle_exception_C_helper(JavaThread*, nmethod*&)+0x11b
V  [libjvm.so+0x8add2f]  OptoRuntime::handle_exception_C(JavaThread*)+0x2f

Java frames: (J=compiled Java code, j=interpreted, Vv=VM code)
v  ~ExceptionBlob
J 2431 C2 org.apache.catalina.core.StandardWrapperValve.invoke(Lorg/apache/catalina/connector/Request;Lorg/apache/catalina/connector/Response;)V (1419 bytes) @ 0x00007ffc5971339c [0x00007ffc59712680+0xd1c]
J 3944 C2 org.apache.catalina.authenticator.AuthenticatorBase.invoke(Lorg/apache/catalina/connector/Request;Lorg/apache/catalina/connector/Response;)V (922 bytes) @ 0x00007ffc59c81a10 [0x00007ffc59c80dc0+0xc50]
J 2264 C2 org.apache.catalina.core.StandardHostValve.invoke(Lorg/apache/catalina/connector/Request;Lorg/apache/catalina/connector/Response;)V (403 bytes) @ 0x00007ffc596b3ec4 [0x00007ffc596b3d20+0x1a4]
J 2297 C2 org.apache.catalina.core.StandardEngineValve.invoke(Lorg/apache/catalina/connector/Request;Lorg/apache/catalina/connector/Response;)V (77 bytes) @ 0x00007ffc596cb688 [0x00007ffc596cb4c0+0x1c8]
J 5055 C2 org.apache.catalina.connector.CoyoteAdapter.service(Lorg/apache/coyote/Request;Lorg/apache/coyote/Response;)V (586 bytes) @ 0x00007ffc59fe1824 [0x00007ffc59fe1500+0x324]
J 4338 C2 org.apache.coyote.http11.AbstractHttp11Processor.process(Lorg/apache/tomcat/util/net/SocketWrapper;)Lorg/apache/tomcat/util/net/AbstractEndpoint$Handler$SocketState; (1123 bytes) @ 0x00007ffc59d994a8 [0x00007ffc59d98f60+0x548]
J 4370 C2 org.apache.coyote.AbstractProtocol$AbstractConnectionHandler.process(Lorg/apache/tomcat/util/net/SocketWrapper;Lorg/apache/tomcat/util/net/SocketStatus;)Lorg/apache/tomcat/util/net/AbstractEndpoint$Handler$SocketState; (805 bytes) @ 0x00007ffc59364ca4 [0x00007ffc593647e0+0x4c4]
J 2315 C2 org.apache.tomcat.util.net.NioEndpoint$SocketProcessor.doRun(Ljava/nio/channels/SelectionKey;Lorg/apache/tomcat/util/net/NioEndpoint$KeyAttachment;)V (610 bytes) @ 0x00007ffc596d4254 [0x00007ffc596d41c0+0x94]
J 2314 C2 org.apache.tomcat.util.net.NioEndpoint$SocketProcessor.run()V (110 bytes) @ 0x00007ffc596cee38 [0x00007ffc596ced60+0xd8]
J 4461 C2 java.util.concurrent.ThreadPoolExecutor.runWorker(Ljava/util/concurrent/ThreadPoolExecutor$Worker;)V (225 bytes) @ 0x00007ffc59710d5c [0x00007ffc59710ba0+0x1bc]
j  java.util.concurrent.ThreadPoolExecutor$Worker.run()V+5
j  org.apache.tomcat.util.threads.TaskThread$WrappingRunnable.run()V+4
j  java.lang.Thread.run()V+11
v  ~StubRoutines::call_stub

---------------  P R O C E S S  ---------------

Java Threads: ( => current thread )
  0x00007ffbdc075000 JavaThread "MySQL Statement Cancellation Timer" daemon [_thread_blocked, id=19774, stack(0x00007ffc52ed4000,0x00007ffc52fd5000)]
  0x00007ffbf0077000 JavaThread "MySQL Statement Cancellation Timer" daemon [_thread_blocked, id=19772, stack(0x00007ffc4aaa0000,0x00007ffc4aba1000)]
  0x00007ffc20774000 JavaThread "MySQL Statement Cancellation Timer" daemon [_thread_blocked, id=19769, stack(0x00007ffc507d9000,0x00007ffc508da000)]
  0x00007ffbf0008000 JavaThread "MySQL Statement Cancellation Timer" daemon [_thread_blocked, id=19768, stack(0x00007ffc4aba1000,0x00007ffc4aca2000)]
  0x00007ffbf008a000 JavaThread "MySQL Statement Cancellation Timer" daemon [_thread_blocked, id=10958, stack(0x00007ffc531e2000,0x00007ffc532e3000)]
  0x00007ffc38014000 JavaThread "http-nio-8004-exec-136" daemon [_thread_blocked, id=28824, stack(0x00007ffc502d4000,0x00007ffc503d5000)]
  0x00007ffc4c1f2800 JavaThread "http-nio-8004-exec-135" daemon [_thread_blocked, id=28823, stack(0x00007ffc510e2000,0x00007ffc511e3000)]
  0x00007ffc0cab2000 JavaThread "http-nio-8004-exec-134" daemon [_thread_blocked, id=28819, stack(0x00007ffc504d6000,0x00007ffc505d7000)]
  0x00007ffc3c01c800 JavaThread "http-nio-8004-exec-133" daemon [_thread_blocked, id=28815, stack(0x00007ffc4b9fa000,0x00007ffc4bafb000)]
  0x00007ffc3817a000 JavaThread "pool-4-thread-1" [_thread_blocked, id=28811, stack(0x00007ffc506d8000,0x00007ffc507d9000)]
  0x00007ffc3817c800 JavaThread "accessCache.data" [_thread_blocked, id=28810, stack(0x00007ffc513e5000,0x00007ffc514e6000)]
  0x00007ffc3817b800 JavaThread "imageCache.data" [_thread_blocked, id=28809, stack(0x00007ffc52bd1000,0x00007ffc52cd2000)]
  0x00007ffc38182800 JavaThread "net.sf.ehcache.CacheManager@66bfe95a" daemon [_thread_blocked, id=28808, stack(0x00007ffc4bbfc000,0x00007ffc4bcfd000)]
  0x00007ffbd0033800 JavaThread "http-nio-8004-exec-132" daemon [_thread_blocked, id=28806, stack(0x00007ffc516e8000,0x00007ffc517e9000)]
  0x00007ffc380f9000 JavaThread "commons-pool-EvictionTimer" daemon [_thread_blocked, id=28805, stack(0x00007ffc52dd3000,0x00007ffc52ed4000)]
=>0x00007ffc5c206000 JavaThread "http-nio-8004-exec-131" daemon [_thread_in_vm, id=28799, stack(0x00007ffc52fd5000,0x00007ffc530d6000)]
  0x00007ffc38135000 JavaThread "Druid-ConnectionPool-Destroy-1558425293" daemon [_thread_blocked, id=28797, stack(0x00007ffc512e4000,0x00007ffc513e5000)]
  0x00007ffc38134800 JavaThread "Druid-ConnectionPool-Create-1558425293" daemon [_thread_blocked, id=28796, stack(0x00007ffc4bdfe000,0x00007ffc4beff000)]
  0x00007ffc38123000 JavaThread "Abandoned connection cleanup thread" daemon [_thread_blocked, id=28795, stack(0x00007ffc4b14a000,0x00007ffc4b24b000)]
  0x00007ffc24774000 JavaThread "http-nio-8004-exec-130" daemon [_thread_blocked, id=28793, stack(0x00007ffc517e9000,0x00007ffc518ea000)]
  0x00007ffbec007000 JavaThread "http-nio-8004-exec-129" daemon [_thread_blocked, id=28792, stack(0x00007ffc4b5f6000,0x00007ffc4b6f7000)]
  0x00007ffbf0089000 JavaThread "http-nio-8004-exec-128" daemon [_thread_blocked, id=28789, stack(0x00007ffc515e7000,0x00007ffc516e8000)]
  0x00007ffc08007800 JavaThread "http-nio-8004-exec-127" daemon [_thread_blocked, id=28788, stack(0x00007ffc4beff000,0x00007ffc4c000000)]
  0x000000000094c800 JavaThread "http-nio-8004-exec-126" daemon [_thread_blocked, id=28787, stack(0x00007ffc501d3000,0x00007ffc502d4000)]
  0x00007ffbd4034000 JavaThread "http-nio-8004-exec-125" daemon [_thread_blocked, id=28782, stack(0x00007ffc4af2e000,0x00007ffc4b02f000)]
  0x00007ffbf000b800 JavaThread "http-nio-8004-exec-124" daemon [_thread_blocked, id=28781, stack(0x00007ffc50fe1000,0x00007ffc510e2000)]
  0x00007ffbf000a800 JavaThread "http-nio-8004-exec-123" daemon [_thread_blocked, id=28779, stack(0x00007ffc4b4d0000,0x00007ffc4b5d1000)]
  0x00007ffbe8013800 JavaThread "http-nio-8004-exec-122" daemon [_thread_blocked, id=28778, stack(0x00007ffc503d5000,0x00007ffc504d6000)]
  0x00007ffc4407f000 JavaThread "http-nio-8004-exec-121" daemon [_thread_blocked, id=28776, stack(0x00007ffc514e6000,0x00007ffc515e7000)]
  0x00007ffbf00c5800 JavaThread "http-nio-8004-exec-120" daemon [_thread_blocked, id=28773, stack(0x00007ffc50ddf000,0x00007ffc50ee0000)]
  0x00007ffc10001000 JavaThread "http-nio-8004-exec-119" daemon [_thread_blocked, id=28771, stack(0x00007ffc50adc000,0x00007ffc50bdd000)]
  0x00007ffbf006f000 JavaThread "http-nio-8004-exec-118" daemon [_thread_blocked, id=28770, stack(0x00007ffc4bcfd000,0x00007ffc4bdfe000)]
  0x00007ffbe8005800 JavaThread "http-nio-8004-exec-117" daemon [_thread_blocked, id=28769, stack(0x00007ffc4b8f9000,0x00007ffc4b9fa000)]
  0x00007ffbe4018000 JavaThread "http-nio-8004-exec-116" daemon [_thread_blocked, id=28765, stack(0x00007ffc52cd2000,0x00007ffc52dd3000)]
  0x00007ffbf006e000 JavaThread "http-nio-8004-exec-115" daemon [_thread_blocked, id=28763, stack(0x00007ffc509db000,0x00007ffc50adc000)]
  0x00007ffc210eb800 JavaThread "http-nio-8004-exec-114" daemon [_thread_blocked, id=28762, stack(0x00007ffc505d7000,0x00007ffc506d8000)]
  0x00007ffc400e6000 JavaThread "http-nio-8004-exec-113" daemon [_thread_blocked, id=28761, stack(0x00007ffc511e3000,0x00007ffc512e4000)]
  0x00007ffbd8007000 JavaThread "http-nio-8004-exec-112" daemon [_thread_blocked, id=28759, stack(0x00007ffc4bafb000,0x00007ffc4bbfc000)]
  0x00007ffbdc007800 JavaThread "http-nio-8004-exec-111" daemon [_thread_blocked, id=28758, stack(0x00007ffc50bdd000,0x00007ffc50cde000)]
  0x00007ffc18003000 JavaThread "http-nio-8004-exec-110" daemon [_thread_blocked, id=28756, stack(0x00007ffc4b7f8000,0x00007ffc4b8f9000)]
  0x00007ffbe026d000 JavaThread "http-nio-8004-exec-109" daemon [_thread_blocked, id=28755, stack(0x00007ffc50cde000,0x00007ffc50ddf000)]
  0x00007ffc54086800 JavaThread "http-nio-8004-exec-108" daemon [_thread_blocked, id=28753, stack(0x00007ffc530d6000,0x00007ffc531d7000)]
  0x00007ffc04112800 JavaThread "http-nio-8004-exec-107" daemon [_thread_blocked, id=28752, stack(0x00007ffc500d2000,0x00007ffc501d3000)]
  0x00007ffc1c003000 JavaThread "http-nio-8004-exec-106" daemon [_thread_blocked, id=28751, stack(0x00007ffc4b6f7000,0x00007ffc4b7f8000)]
  0x00007ffbec170800 JavaThread "http-nio-8004-exec-105" daemon [_thread_blocked, id=28750, stack(0x00007ffc50ee0000,0x00007ffc50fe1000)]
  0x00007ffc14026800 JavaThread "http-nio-8004-exec-104" daemon [_thread_blocked, id=28749, stack(0x00007ffc508da000,0x00007ffc509db000)]
  0x00007ffc28013000 JavaThread "http-nio-8004-exec-103" daemon [_thread_blocked, id=28747, stack(0x00007ffc4b02f000,0x00007ffc4b130000)]
  0x00007ffc26cb5800 JavaThread "Java2D Disposer" daemon [_thread_blocked, id=7480, stack(0x00007ffc535a0000,0x00007ffc536a1000)]
  0x00007ffc5c302800 JavaThread "http-nio-8004-Acceptor-0" daemon [_thread_blocked, id=5260, stack(0x00007ffc518ea000,0x00007ffc519eb000)]
  0x00007ffc5c300000 JavaThread "http-nio-8004-ClientPoller-1" daemon [_thread_blocked, id=5259, stack(0x00007ffc519eb000,0x00007ffc51aec000)]
  0x00007ffc5c2fe000 JavaThread "http-nio-8004-ClientPoller-0" daemon [_thread_blocked, id=5258, stack(0x00007ffc51aec000,0x00007ffc51bed000)]
  0x00007ffc5c2fc000 JavaThread "ContainerBackgroundProcessor[StandardEngine[Catalina]]" daemon [_thread_blocked, id=5257, stack(0x00007ffc51bed000,0x00007ffc51cee000)]
  0x00007ffc0c632000 JavaThread "scheduler_QuartzSchedulerThread" [_thread_blocked, id=5256, stack(0x00007ffc51cee000,0x00007ffc51def000)]
  0x00007ffc0c621800 JavaThread "scheduler_Worker-10" [_thread_blocked, id=5255, stack(0x00007ffc51def000,0x00007ffc51ef0000)]
  0x00007ffc0c61f800 JavaThread "scheduler_Worker-9" [_thread_blocked, id=5254, stack(0x00007ffc51ef0000,0x00007ffc51ff1000)]
  0x00007ffc0c0a1800 JavaThread "scheduler_Worker-8" [_thread_blocked, id=5253, stack(0x00007ffc51ff1000,0x00007ffc520f2000)]
  0x00007ffc0c09f800 JavaThread "scheduler_Worker-7" [_thread_blocked, id=5252, stack(0x00007ffc520f2000,0x00007ffc521f3000)]
  0x00007ffc0c09d800 JavaThread "scheduler_Worker-6" [_thread_blocked, id=5251, stack(0x00007ffc521f3000,0x00007ffc522f4000)]
  0x00007ffc0c09b800 JavaThread "scheduler_Worker-5" [_thread_blocked, id=5250, stack(0x00007ffc522f4000,0x00007ffc523f5000)]
  0x00007ffc0c099000 JavaThread "scheduler_Worker-4" [_thread_blocked, id=5249, stack(0x00007ffc523f5000,0x00007ffc524f6000)]
  0x00007ffc0c097000 JavaThread "scheduler_Worker-3" [_thread_blocked, id=5248, stack(0x00007ffc524f6000,0x00007ffc525f7000)]
  0x00007ffc0c095000 JavaThread "scheduler_Worker-2" [_thread_blocked, id=5247, stack(0x00007ffc525f7000,0x00007ffc526f8000)]
  0x00007ffc0c093000 JavaThread "scheduler_Worker-1" [_thread_blocked, id=5246, stack(0x00007ffc53329000,0x00007ffc5342a000)]
  0x00007ffc5c542800 JavaThread "NioBlockingSelector.BlockPoller-1" daemon [_thread_in_native, id=5213, stack(0x00007ffc536a1000,0x00007ffc537a2000)]
  0x00007ffc5c4c0000 JavaThread "GC Daemon" daemon [_thread_blocked, id=5212, stack(0x00007ffc53bff000,0x00007ffc53d00000)]
  0x00007ffc5c097000 JavaThread "Service Thread" daemon [_thread_blocked, id=5207, stack(0x00007ffc587f8000,0x00007ffc588f9000)]
  0x00007ffc5c095000 JavaThread "C2 CompilerThread1" daemon [_thread_blocked, id=5206, stack(0x00007ffc588f9000,0x00007ffc589fa000)]
  0x00007ffc5c092000 JavaThread "C2 CompilerThread0" daemon [_thread_blocked, id=5205, stack(0x00007ffc589fa000,0x00007ffc58afb000)]
  0x00007ffc5c08f800 JavaThread "Signal Dispatcher" daemon [_thread_blocked, id=5204, stack(0x00007ffc58afb000,0x00007ffc58bfc000)]
  0x00007ffc5c06f000 JavaThread "Finalizer" daemon [_thread_blocked, id=5203, stack(0x00007ffc58bfc000,0x00007ffc58cfd000)]
  0x00007ffc5c06d000 JavaThread "Reference Handler" daemon [_thread_blocked, id=5202, stack(0x00007ffc58cfd000,0x00007ffc58dfe000)]
  0x00007ffc5c009000 JavaThread "main" [_thread_in_native, id=5196, stack(0x00007ffc64b82000,0x00007ffc64c83000)]

Other Threads:
  0x00007ffc5c068800 VMThread [stack: 0x00007ffc58dfe000,0x00007ffc58eff000] [id=5201]
  0x00007ffc5c0a2000 WatcherThread [stack: 0x00007ffc586f7000,0x00007ffc587f8000] [id=5208]

VM state:synchronizing (normal execution)

VM Mutex/Monitor currently owned by a thread:  ([mutex/lock_event])
[0x00007ffc5c006660] Threads_lock - owner thread: 0x00007ffc5c068800
[0x00007ffc5c006b60] Heap_lock - owner thread: 0x00007ffc5c302800

Heap
 PSYoungGen      total 59904K, used 51200K [0x00000000fbd00000, 0x0000000100000000, 0x0000000100000000)
  eden space 51200K, 100% used [0x00000000fbd00000,0x00000000fef00000,0x00000000fef00000)
  from space 8704K, 0% used [0x00000000ff780000,0x00000000ff780000,0x0000000100000000)
  to   space 8704K, 0% used [0x00000000fef00000,0x00000000fef00000,0x00000000ff780000)
 ParOldGen       total 136704K, used 136393K [0x00000000f3780000, 0x00000000fbd00000, 0x00000000fbd00000)
  object space 136704K, 99% used [0x00000000f3780000,0x00000000fbcb2420,0x00000000fbd00000)
 PSPermGen       total 88064K, used 87868K [0x00000000e6f80000, 0x00000000ec580000, 0x00000000f3780000)
  object space 88064K, 99% used [0x00000000e6f80000,0x00000000ec54f0e8,0x00000000ec580000)

Card table byte_map: [0x00007ffc623cb000,0x00007ffc62494000] byte_map_base: 0x00007ffc61c93400

Polling page: 0x00007ffc64c8e000

Code Cache  [0x00007ffc59000000, 0x00007ffc5a380000, 0x00007ffc5c000000)
 total_blobs=5400 nmethods=4775 adapters=577 free_code_cache=29391Kb largest_free_block=29903680

Compilation events (10 events):
Event: 3989953.650 Thread 0x00007ffc5c092000 nmethod 6735 0x00007ffc5a3678d0 code [0x00007ffc5a367b40, 0x00007ffc5a368298]
Event: 3989953.651 Thread 0x00007ffc5c095000 nmethod 6736 0x00007ffc5a370790 code [0x00007ffc5a370980, 0x00007ffc5a371020]
Event: 4032026.158 Thread 0x00007ffc5c095000 6737 % !         org.apache.catalina.valves.AccessLogValve$DateFormatCache$Cache::getFormatInternal @ 220 (519 bytes)
Event: 4032026.208 Thread 0x00007ffc5c095000 nmethod 6737% 0x00007ffc5a374390 code [0x00007ffc5a3745a0, 0x00007ffc5a375808]
Event: 4032026.932 Thread 0x00007ffc5c092000 6738   !         org.apache.catalina.valves.AccessLogValve$DateFormatCache$Cache::getFormatInternal (519 bytes)
Event: 4032027.000 Thread 0x00007ffc5c092000 nmethod 6738 0x00007ffc5a371c50 code [0x00007ffc5a371e60, 0x00007ffc5a3732e8]
Event: 4045551.490 Thread 0x00007ffc5c095000 6739             com.alibaba.druid.sql.parser.SQLSelectParser::parseSelectList (45 bytes)
Event: 4045551.506 Thread 0x00007ffc5c095000 nmethod 6739 0x00007ffc5a378350 code [0x00007ffc5a378520, 0x00007ffc5a378c80]
Event: 4059205.748 Thread 0x00007ffc5c092000 6740 % !         sun.nio.cs.US_ASCII$Decoder::decodeArrayLoop @ 129 (297 bytes)
Event: 4059205.762 Thread 0x00007ffc5c092000 nmethod 6740% 0x00007ffc5a376e90 code [0x00007ffc5a3770c0, 0x00007ffc5a3779f8]

GC Heap History (10 events):
Event: 4059522.784 GC heap before
{Heap before GC invocations=59366 (full 45685):
 PSYoungGen      total 59904K, used 51200K [0x00000000fbd00000, 0x0000000100000000, 0x0000000100000000)
  eden space 51200K, 100% used [0x00000000fbd00000,0x00000000fef00000,0x00000000fef00000)
  from space 8704K, 0% used [0x00000000ff780000,0x00000000ff780000,0x0000000100000000)
  to   space 8704K, 0% used [0x00000000fef00000,0x00000000fef00000,0x00000000ff780000)
 ParOldGen       total 136704K, used 136301K [0x00000000f3780000, 0x00000000fbd00000, 0x00000000fbd00000)
  object space 136704K, 99% used [0x00000000f3780000,0x00000000fbc9b668,0x00000000fbd00000)
 PSPermGen       total 88064K, used 87868K [0x00000000e6f80000, 0x00000000ec580000, 0x00000000f3780000)
  object space 88064K, 99% used [0x00000000e6f80000,0x00000000ec54f0e8,0x00000000ec580000)
Event: 4059523.518 GC heap after
Heap after GC invocations=59366 (full 45685):
 PSYoungGen      total 59904K, used 51198K [0x00000000fbd00000, 0x0000000100000000, 0x0000000100000000)
  eden space 51200K, 99% used [0x00000000fbd00000,0x00000000feeff9f8,0x00000000fef00000)
  from space 8704K, 0% used [0x00000000ff780000,0x00000000ff780000,0x0000000100000000)
  to   space 8704K, 0% used [0x00000000fef00000,0x00000000fef00000,0x00000000ff780000)
 ParOldGen       total 136704K, used 136301K [0x00000000f3780000, 0x00000000fbd00000, 0x00000000fbd00000)
  object space 136704K, 99% used [0x00000000f3780000,0x00000000fbc9b668,0x00000000fbd00000)
 PSPermGen       total 88064K, used 87868K [0x00000000e6f80000, 0x00000000ec580000, 0x00000000f3780000)
  object space 88064K, 99% used [0x00000000e6f80000,0x00000000ec54f0e8,0x00000000ec580000)
}
Event: 4059523.518 GC heap before
{Heap before GC invocations=59367 (full 45686):
 PSYoungGen      total 59904K, used 51200K [0x00000000fbd00000, 0x0000000100000000, 0x0000000100000000)
  eden space 51200K, 100% used [0x00000000fbd00000,0x00000000fef00000,0x00000000fef00000)
  from space 8704K, 0% used [0x00000000ff780000,0x00000000ff780000,0x0000000100000000)
  to   space 8704K, 0% used [0x00000000fef00000,0x00000000fef00000,0x00000000ff780000)
 ParOldGen       total 136704K, used 136301K [0x00000000f3780000, 0x00000000fbd00000, 0x00000000fbd00000)
  object space 136704K, 99% used [0x00000000f3780000,0x00000000fbc9b668,0x00000000fbd00000)
 PSPermGen       total 88064K, used 87868K [0x00000000e6f80000, 0x00000000ec580000, 0x00000000f3780000)
  object space 88064K, 99% used [0x00000000e6f80000,0x00000000ec54f0e8,0x00000000ec580000)
Event: 4059524.356 GC heap after
Heap after GC invocations=59367 (full 45686):
 PSYoungGen      total 59904K, used 51198K [0x00000000fbd00000, 0x0000000100000000, 0x0000000100000000)
  eden space 51200K, 99% used [0x00000000fbd00000,0x00000000feeffa40,0x00000000fef00000)
  from space 8704K, 0% used [0x00000000ff780000,0x00000000ff780000,0x0000000100000000)
  to   space 8704K, 0% used [0x00000000fef00000,0x00000000fef00000,0x00000000ff780000)
 ParOldGen       total 136704K, used 136301K [0x00000000f3780000, 0x00000000fbd00000, 0x00000000fbd00000)
  object space 136704K, 99% used [0x00000000f3780000,0x00000000fbc9b668,0x00000000fbd00000)
 PSPermGen       total 88064K, used 87868K [0x00000000e6f80000, 0x00000000ec580000, 0x00000000f3780000)
  object space 88064K, 99% used [0x00000000e6f80000,0x00000000ec54f0e8,0x00000000ec580000)
}
Event: 4059524.357 GC heap before
{Heap before GC invocations=59368 (full 45687):
 PSYoungGen      total 59904K, used 51200K [0x00000000fbd00000, 0x0000000100000000, 0x0000000100000000)
  eden space 51200K, 100% used [0x00000000fbd00000,0x00000000fef00000,0x00000000fef00000)
  from space 8704K, 0% used [0x00000000ff780000,0x00000000ff780000,0x0000000100000000)
  to   space 8704K, 0% used [0x00000000fef00000,0x00000000fef00000,0x00000000ff780000)
 ParOldGen       total 136704K, used 136301K [0x00000000f3780000, 0x00000000fbd00000, 0x00000000fbd00000)
  object space 136704K, 99% used [0x00000000f3780000,0x00000000fbc9b668,0x00000000fbd00000)
 PSPermGen       total 88064K, used 87868K [0x00000000e6f80000, 0x00000000ec580000, 0x00000000f3780000)
  object space 88064K, 99% used [0x00000000e6f80000,0x00000000ec54f0e8,0x00000000ec580000)
Event: 4059525.353 GC heap after
Heap after GC invocations=59368 (full 45687):
 PSYoungGen      total 59904K, used 51198K [0x00000000fbd00000, 0x0000000100000000, 0x0000000100000000)
  eden space 51200K, 99% used [0x00000000fbd00000,0x00000000feeffa90,0x00000000fef00000)
  from space 8704K, 0% used [0x00000000ff780000,0x00000000ff780000,0x0000000100000000)
  to   space 8704K, 0% used [0x00000000fef00000,0x00000000fef00000,0x00000000ff780000)
 ParOldGen       total 136704K, used 136301K [0x00000000f3780000, 0x00000000fbd00000, 0x00000000fbd00000)
  object space 136704K, 99% used [0x00000000f3780000,0x00000000fbc9b5f8,0x00000000fbd00000)
 PSPermGen       total 88064K, used 87868K [0x00000000e6f80000, 0x00000000ec580000, 0x00000000f3780000)
  object space 88064K, 99% used [0x00000000e6f80000,0x00000000ec54f0e8,0x00000000ec580000)
}
Event: 4059525.353 GC heap before
{Heap before GC invocations=59369 (full 45688):
 PSYoungGen      total 59904K, used 51200K [0x00000000fbd00000, 0x0000000100000000, 0x0000000100000000)
  eden space 51200K, 100% used [0x00000000fbd00000,0x00000000fef00000,0x00000000fef00000)
  from space 8704K, 0% used [0x00000000ff780000,0x00000000ff780000,0x0000000100000000)
  to   space 8704K, 0% used [0x00000000fef00000,0x00000000fef00000,0x00000000ff780000)
 ParOldGen       total 136704K, used 136351K [0x00000000f3780000, 0x00000000fbd00000, 0x00000000fbd00000)
  object space 136704K, 99% used [0x00000000f3780000,0x00000000fbca7d30,0x00000000fbd00000)
 PSPermGen       total 88064K, used 87868K [0x00000000e6f80000, 0x00000000ec580000, 0x00000000f3780000)
  object space 88064K, 99% used [0x00000000e6f80000,0x00000000ec54f0e8,0x00000000ec580000)
Event: 4059526.078 GC heap after
Heap after GC invocations=59369 (full 45688):
 PSYoungGen      total 59904K, used 51190K [0x00000000fbd00000, 0x0000000100000000, 0x0000000100000000)
  eden space 51200K, 99% used [0x00000000fbd00000,0x00000000feefda48,0x00000000fef00000)
  from space 8704K, 0% used [0x00000000ff780000,0x00000000ff780000,0x0000000100000000)
  to   space 8704K, 0% used [0x00000000fef00000,0x00000000fef00000,0x00000000ff780000)
 ParOldGen       total 136704K, used 136350K [0x00000000f3780000, 0x00000000fbd00000, 0x00000000fbd00000)
  object space 136704K, 99% used [0x00000000f3780000,0x00000000fbca7bb8,0x00000000fbd00000)
 PSPermGen       total 88064K, used 87868K [0x00000000e6f80000, 0x00000000ec580000, 0x00000000f3780000)
  object space 88064K, 99% used [0x00000000e6f80000,0x00000000ec54f0e8,0x00000000ec580000)
}
Event: 4059526.079 GC heap before
{Heap before GC invocations=59370 (full 45689):
 PSYoungGen      total 59904K, used 51200K [0x00000000fbd00000, 0x0000000100000000, 0x0000000100000000)
  eden space 51200K, 100% used [0x00000000fbd00000,0x00000000fef00000,0x00000000fef00000)
  from space 8704K, 0% used [0x00000000ff780000,0x00000000ff780000,0x0000000100000000)
  to   space 8704K, 0% used [0x00000000fef00000,0x00000000fef00000,0x00000000ff780000)
 ParOldGen       total 136704K, used 136350K [0x00000000f3780000, 0x00000000fbd00000, 0x00000000fbd00000)
  object space 136704K, 99% used [0x00000000f3780000,0x00000000fbca7bb8,0x00000000fbd00000)
 PSPermGen       total 88064K, used 87868K [0x00000000e6f80000, 0x00000000ec580000, 0x00000000f3780000)
  object space 88064K, 99% used [0x00000000e6f80000,0x00000000ec54f0e8,0x00000000ec580000)
Event: 4059526.801 GC heap after
Heap after GC invocations=59370 (full 45689):
 PSYoungGen      total 59904K, used 51198K [0x00000000fbd00000, 0x0000000100000000, 0x0000000100000000)
  eden space 51200K, 99% used [0x00000000fbd00000,0x00000000feeffa88,0x00000000fef00000)
  from space 8704K, 0% used [0x00000000ff780000,0x00000000ff780000,0x0000000100000000)
  to   space 8704K, 0% used [0x00000000fef00000,0x00000000fef00000,0x00000000ff780000)
 ParOldGen       total 136704K, used 136350K [0x00000000f3780000, 0x00000000fbd00000, 0x00000000fbd00000)
  object space 136704K, 99% used [0x00000000f3780000,0x00000000fbca7bb8,0x00000000fbd00000)
 PSPermGen       total 88064K, used 87868K [0x00000000e6f80000, 0x00000000ec580000, 0x00000000f3780000)
  object space 88064K, 99% used [0x00000000e6f80000,0x00000000ec54f0e8,0x00000000ec580000)
}

Deoptimization events (10 events):
Event: 3729803.408 Thread 0x00007ffc1c003000 Uncommon trap: reason=null_check action=make_not_entrant pc=0x00007ffc59ecf508 method=org.springframework.beans.CachedIntrospectionResults.forClass(Ljava/lang/Class;)Lorg/springframework/beans/CachedIntrospectionResults; @ 29
Event: 3755614.436 Thread 0x00007ffc1c003000 Uncommon trap: reason=null_check action=make_not_entrant pc=0x00007ffc5a2f70e8 method=javassist.CtClassType.getMembers()Ljavassist/CtMember$Cache; @ 16
Event: 3774265.898 Thread 0x00007ffc38014000 Uncommon trap: reason=unreached action=reinterpret pc=0x00007ffc5a2f57d0 method=com.fasterxml.jackson.databind.ser.impl.IndexedListSerializer.serializeContents(Ljava/util/List;Lcom/fasterxml/jackson/core/JsonGenerator;Lcom/fasterxml/jackson/databind/Seria
Event: 3798510.476 Thread 0x00007ffbec170800 Uncommon trap: reason=null_check action=make_not_entrant pc=0x00007ffc5a0a5040 method=org.apache.commons.beanutils.PropertyUtilsBean.getPropertyDescriptors(Ljava/lang/Class;)[Ljava/beans/PropertyDescriptor; @ 24
Event: 3844444.818 Thread 0x00007ffc38014000 Uncommon trap: reason=unreached action=reinterpret pc=0x00007ffc5a2add08 method=com.star.user.dao.model.User.setId(Ljava/lang/String;)V @ 2
Event: 4031878.682 Thread 0x00007ffc400e6000 Uncommon trap: reason=unreached action=reinterpret pc=0x00007ffc59536e10 method=org.apache.catalina.valves.AccessLogValve$DateFormatCache$Cache.getFormatInternal(J)Ljava/lang/String; @ 89
Event: 4059506.376 Thread 0x00007ffc5c206000 Uncommon trap: reason=unreached action=reinterpret pc=0x00007ffc59f4cc28 method=org.springframework.web.context.request.ServletRequestAttributes.updateAccessedSessionAttributes()V @ 18
Event: 4059506.377 Thread 0x00007ffc5c206000 Uncommon trap: reason=unreached action=reinterpret pc=0x00007ffc59f76070 method=org.springframework.web.util.WebUtils.getSessionId(Ljavax/servlet/http/HttpServletRequest;)Ljava/lang/String; @ 15
Event: 4059507.215 Thread 0x00007ffc5c206000 Uncommon trap: reason=unreached action=reinterpret pc=0x00007ffc59985e0c method=com.alibaba.druid.support.http.stat.WebURIStat.afterInvoke(Ljava/lang/Throwable;J)V @ 23
Event: 4059520.682 Thread 0x00007ffc3817b800 Uncommon trap: reason=unreached action=reinterpret pc=0x00007ffc59795b00 method=java.util.concurrent.ScheduledThreadPoolExecutor$DelayedWorkQueue.take()Ljava/util/concurrent/RunnableScheduledFuture; @ 17

Internal exceptions (10 events):
Event: 4059507.216 Thread 0x00007ffc5c206000 Threw 0x00000000feee0730 at /HUDSON/workspace/7u-2-build-linux-amd64/jdk7u79/2331/hotspot/src/share/vm/prims/jvm.cpp:1304
Event: 4059507.216 Thread 0x00007ffc5c206000 Threw 0x00000000feeeb3d0 at /HUDSON/workspace/7u-2-build-linux-amd64/jdk7u79/2331/hotspot/src/share/vm/prims/jvm.cpp:1304
Event: 4059511.256 Thread 0x00007ffc1c003000 Threw 0x00000000e702b228 at /HUDSON/workspace/7u-2-build-linux-amd64/jdk7u79/2331/hotspot/src/share/vm/gc_interface/collectedHeap.inline.hpp:181
Event: 4059514.466 Thread 0x00007ffc5c206000 Threw 0x00000000feef0ad8 at /HUDSON/workspace/7u-2-build-linux-amd64/jdk7u79/2331/hotspot/src/share/vm/prims/jvm.cpp:1304
Event: 4059514.470 Thread 0x00007ffc5c206000 Threw 0x00000000feef9120 at /HUDSON/workspace/7u-2-build-linux-amd64/jdk7u79/2331/hotspot/src/share/vm/prims/jvm.cpp:1304
Event: 4059516.591 Thread 0x00007ffbf006e000 Threw 0x00000000e7029268 at /HUDSON/workspace/7u-2-build-linux-amd64/jdk7u79/2331/hotspot/src/share/vm/gc_interface/collectedHeap.inline.hpp:181
Event: 4059520.682 Thread 0x00007ffc3817b800 Threw 0x00000000e7029268 at /HUDSON/workspace/7u-2-build-linux-amd64/jdk7u79/2331/hotspot/src/share/vm/gc_interface/collectedHeap.inline.hpp:181
Event: 4059520.682 Thread 0x00007ffc3817b800 Implicit null exception at 0x00007ffc59795679 to 0x00007ffc59795aed
Event: 4059524.357 Thread 0x00007ffc5c206000 Threw 0x00000000e7029268 at /HUDSON/workspace/7u-2-build-linux-amd64/jdk7u79/2331/hotspot/src/share/vm/gc_interface/collectedHeap.inline.hpp:181
Event: 4059526.801 Thread 0x00007ffc5c206000 Threw 0x00000000e7029268 at /HUDSON/workspace/7u-2-build-linux-amd64/jdk7u79/2331/hotspot/src/share/vm/prims/jvm.cpp:1308

Events (10 events):
Event: 4059524.356 Executing VM operation: ParallelGCFailedAllocation done
Event: 4059524.357 Thread 0x00007ffc5c206000 DEOPT PACKING pc=0x00007ffc591382c0 sp=0x00007ffc530d1770
Event: 4059524.357 Executing VM operation: ParallelGCFailedAllocation
Event: 4059524.357 Thread 0x00007ffc5c206000 DEOPT UNPACKING pc=0x00007ffc59038e0f sp=0x00007ffc530d1418 mode 1
Event: 4059525.353 Executing VM operation: ParallelGCFailedAllocation done
Event: 4059525.353 Executing VM operation: ParallelGCFailedAllocation
Event: 4059526.078 Executing VM operation: ParallelGCFailedAllocation done
Event: 4059526.078 Executing VM operation: ParallelGCFailedAllocation
Event: 4059526.801 Executing VM operation: ParallelGCFailedAllocation done
Event: 4059526.801 Executing VM operation: ParallelGCFailedAllocation


Dynamic libraries:
00400000-00401000 r-xp 00000000 ca:01 1185637                            /opt/jdk1.7.0_79/bin/java
00600000-00601000 rw-p 00000000 ca:01 1185637                            /opt/jdk1.7.0_79/bin/java
00941000-00e53000 rw-p 00000000 00:00 0                                  [heap]
e6f80000-ec580000 rw-p 00000000 00:00 0 
ec580000-ee780000 ---p 00000000 00:00 0 
ee780000-f3780000 rw-p 00000000 00:00 0 
f3780000-100000000 rw-p 00000000 00:00 0 
7ffbc8000000-7ffbc82ed000 rw-p 00000000 00:00 0 
7ffbc82ed000-7ffbcc000000 ---p 00000000 00:00 0 
7ffbd0000000-7ffbd005e000 rw-p 00000000 00:00 0 
7ffbd005e000-7ffbd4000000 ---p 00000000 00:00 0 
7ffbd4000000-7ffbd4075000 rw-p 00000000 00:00 0 
7ffbd4075000-7ffbd8000000 ---p 00000000 00:00 0 
7ffbd8000000-7ffbd80b0000 rw-p 00000000 00:00 0 
7ffbd80b0000-7ffbdc000000 ---p 00000000 00:00 0 
7ffbdc000000-7ffbdc12b000 rw-p 00000000 00:00 0 
7ffbdc12b000-7ffbe0000000 ---p 00000000 00:00 0 
7ffbe0000000-7ffbe0293000 rw-p 00000000 00:00 0 
7ffbe0293000-7ffbe4000000 ---p 00000000 00:00 0 
7ffbe4000000-7ffbe40c0000 rw-p 00000000 00:00 0 
7ffbe40c0000-7ffbe8000000 ---p 00000000 00:00 0 
7ffbe8000000-7ffbe84dc000 rw-p 00000000 00:00 0 
7ffbe84dc000-7ffbec000000 ---p 00000000 00:00 0 
7ffbec000000-7ffbec2b2000 rw-p 00000000 00:00 0 
7ffbec2b2000-7ffbf0000000 ---p 00000000 00:00 0 
7ffbf0000000-7ffbf0174000 rw-p 00000000 00:00 0 
7ffbf0174000-7ffbf4000000 ---p 00000000 00:00 0 
7ffbf4000000-7ffbf6d36000 rw-p 00000000 00:00 0 
7ffbf6d36000-7ffbf8000000 ---p 00000000 00:00 0 
7ffbf8000000-7ffbf8032000 rw-p 00000000 00:00 0 
7ffbf8032000-7ffbfc000000 ---p 00000000 00:00 0 
7ffbfc000000-7ffbfc047000 rw-p 00000000 00:00 0 
7ffbfc047000-7ffc00000000 ---p 00000000 00:00 0 
7ffc00000000-7ffc00067000 rw-p 00000000 00:00 0 
7ffc00067000-7ffc04000000 ---p 00000000 00:00 0 
7ffc04000000-7ffc0442c000 rw-p 00000000 00:00 0 
7ffc0442c000-7ffc08000000 ---p 00000000 00:00 0 
7ffc08000000-7ffc08241000 rw-p 00000000 00:00 0 
7ffc08241000-7ffc0c000000 ---p 00000000 00:00 0 
7ffc0c000000-7ffc0cd72000 rw-p 00000000 00:00 0 
7ffc0cd72000-7ffc10000000 ---p 00000000 00:00 0 
7ffc10000000-7ffc10039000 rw-p 00000000 00:00 0 
7ffc10039000-7ffc14000000 ---p 00000000 00:00 0 
7ffc14000000-7ffc140b7000 rw-p 00000000 00:00 0 
7ffc140b7000-7ffc18000000 ---p 00000000 00:00 0 
7ffc18000000-7ffc18065000 rw-p 00000000 00:00 0 
7ffc18065000-7ffc1c000000 ---p 00000000 00:00 0 
7ffc1c000000-7ffc1c07c000 rw-p 00000000 00:00 0 
7ffc1c07c000-7ffc20000000 ---p 00000000 00:00 0 
7ffc20000000-7ffc23fff000 rw-p 00000000 00:00 0 
7ffc23fff000-7ffc24000000 ---p 00000000 00:00 0 
7ffc24000000-7ffc27fff000 rw-p 00000000 00:00 0 
7ffc27fff000-7ffc28000000 ---p 00000000 00:00 0 
7ffc28000000-7ffc280aa000 rw-p 00000000 00:00 0 
7ffc280aa000-7ffc2c000000 ---p 00000000 00:00 0 
7ffc2dad9000-7ffc34000000 r--p 00000000 ca:01 151196                     /usr/lib/locale/locale-archive
7ffc34000000-7ffc34070000 rw-p 00000000 00:00 0 
7ffc34070000-7ffc38000000 ---p 00000000 00:00 0 
7ffc38000000-7ffc382c9000 rw-p 00000000 00:00 0 
7ffc382c9000-7ffc3c000000 ---p 00000000 00:00 0 
7ffc3c000000-7ffc3c0f5000 rw-p 00000000 00:00 0 
7ffc3c0f5000-7ffc40000000 ---p 00000000 00:00 0 
7ffc40000000-7ffc40404000 rw-p 00000000 00:00 0 
7ffc40404000-7ffc44000000 ---p 00000000 00:00 0 
7ffc44000000-7ffc4418a000 rw-p 00000000 00:00 0 
7ffc4418a000-7ffc48000000 ---p 00000000 00:00 0 
7ffc4aa14000-7ffc4aa1f000 r--s 00000000 ca:01 400260                     /var/cache/fontconfig/b79f3aaa7d385a141ab53ec885cc22a8-le64.cache-4
7ffc4aaa0000-7ffc4aaa3000 ---p 00000000 00:00 0 
7ffc4aaa3000-7ffc4aba1000 rw-p 00000000 00:00 0                          [stack:19772]
7ffc4aba1000-7ffc4aba4000 ---p 00000000 00:00 0 
7ffc4aba4000-7ffc4aca2000 rw-p 00000000 00:00 0                          [stack:19768]
7ffc4aca2000-7ffc4ad0b000 r-xp 00000000 ca:01 1183574                    /opt/jdk1.7.0_79/jre/lib/amd64/libt2k.so
7ffc4ad0b000-7ffc4af0a000 ---p 00069000 ca:01 1183574                    /opt/jdk1.7.0_79/jre/lib/amd64/libt2k.so
7ffc4af0a000-7ffc4af11000 rw-p 00068000 ca:01 1183574                    /opt/jdk1.7.0_79/jre/lib/amd64/libt2k.so
7ffc4af11000-7ffc4af21000 rw-p 00000000 00:00 0 
7ffc4af2e000-7ffc4af31000 ---p 00000000 00:00 0 
7ffc4af31000-7ffc4b02f000 rw-p 00000000 00:00 0                          [stack:28782]
7ffc4b02f000-7ffc4b032000 ---p 00000000 00:00 0 
7ffc4b032000-7ffc4b130000 rw-p 00000000 00:00 0                          [stack:28747]
7ffc4b130000-7ffc4b132000 r--s 00000000 ca:01 400262                     /var/cache/fontconfig/87f5e051180a7a75f16eb6fe7dbd3749-le64.cache-4
7ffc4b14a000-7ffc4b14d000 ---p 00000000 00:00 0 
7ffc4b14d000-7ffc4b24b000 rw-p 00000000 00:00 0                          [stack:28795]
7ffc4b24b000-7ffc4b2b0000 r-xp 00000000 ca:01 1183529                    /opt/jdk1.7.0_79/jre/lib/amd64/libfontmanager.so
7ffc4b2b0000-7ffc4b4af000 ---p 00065000 ca:01 1183529                    /opt/jdk1.7.0_79/jre/lib/amd64/libfontmanager.so
7ffc4b4af000-7ffc4b4b4000 rw-p 00064000 ca:01 1183529                    /opt/jdk1.7.0_79/jre/lib/amd64/libfontmanager.so
7ffc4b4b4000-7ffc4b4c4000 rw-p 00000000 00:00 0 
7ffc4b4d0000-7ffc4b4d3000 ---p 00000000 00:00 0 
7ffc4b4d3000-7ffc4b5d1000 rw-p 00000000 00:00 0                          [stack:28779]
7ffc4b5d1000-7ffc4b5d3000 r--s 00000000 ca:01 399974                     /var/cache/fontconfig/b67b32625a2bb51b023d3814a918f351-le64.cache-4
7ffc4b5f6000-7ffc4b5f9000 ---p 00000000 00:00 0 
7ffc4b5f9000-7ffc4b6f7000 rw-p 00000000 00:00 0                          [stack:28792]
7ffc4b6f7000-7ffc4b6fa000 ---p 00000000 00:00 0 
7ffc4b6fa000-7ffc4b7f8000 rw-p 00000000 00:00 0                          [stack:28751]
7ffc4b7f8000-7ffc4b7fb000 ---p 00000000 00:00 0 
7ffc4b7fb000-7ffc4b8f9000 rw-p 00000000 00:00 0                          [stack:28756]
7ffc4b8f9000-7ffc4b8fc000 ---p 00000000 00:00 0 
7ffc4b8fc000-7ffc4b9fa000 rw-p 00000000 00:00 0                          [stack:28769]
7ffc4b9fa000-7ffc4b9fd000 ---p 00000000 00:00 0 
7ffc4b9fd000-7ffc4bafb000 rw-p 00000000 00:00 0                          [stack:28815]
7ffc4bafb000-7ffc4bafe000 ---p 00000000 00:00 0 
7ffc4bafe000-7ffc4bbfc000 rw-p 00000000 00:00 0                          [stack:28759]
7ffc4bbfc000-7ffc4bbff000 ---p 00000000 00:00 0 
7ffc4bbff000-7ffc4bcfd000 rw-p 00000000 00:00 0                          [stack:28808]
7ffc4bcfd000-7ffc4bd00000 ---p 00000000 00:00 0 
7ffc4bd00000-7ffc4bdfe000 rw-p 00000000 00:00 0                          [stack:28770]
7ffc4bdfe000-7ffc4be01000 ---p 00000000 00:00 0 
7ffc4be01000-7ffc4beff000 rw-p 00000000 00:00 0                          [stack:28796]
7ffc4beff000-7ffc4bf02000 ---p 00000000 00:00 0 
7ffc4bf02000-7ffc4c000000 rw-p 00000000 00:00 0                          [stack:28788]
7ffc4c000000-7ffc4c33e000 rw-p 00000000 00:00 0 
7ffc4c33e000-7ffc50000000 ---p 00000000 00:00 0 
7ffc500d2000-7ffc500d5000 ---p 00000000 00:00 0 
7ffc500d5000-7ffc501d3000 rw-p 00000000 00:00 0                          [stack:28752]
7ffc501d3000-7ffc501d6000 ---p 00000000 00:00 0 
7ffc501d6000-7ffc502d4000 rw-p 00000000 00:00 0                          [stack:28787]
7ffc502d4000-7ffc502d7000 ---p 00000000 00:00 0 
7ffc502d7000-7ffc503d5000 rw-p 00000000 00:00 0                          [stack:28824]
7ffc503d5000-7ffc503d8000 ---p 00000000 00:00 0 
7ffc503d8000-7ffc504d6000 rw-p 00000000 00:00 0                          [stack:28778]
7ffc504d6000-7ffc504d9000 ---p 00000000 00:00 0 
7ffc504d9000-7ffc505d7000 rw-p 00000000 00:00 0                          [stack:28819]
7ffc505d7000-7ffc505da000 ---p 00000000 00:00 0 
7ffc505da000-7ffc506d8000 rw-p 00000000 00:00 0                          [stack:28762]
7ffc506d8000-7ffc506db000 ---p 00000000 00:00 0 
7ffc506db000-7ffc507d9000 rw-p 00000000 00:00 0                          [stack:28811]
7ffc507d9000-7ffc507dc000 ---p 00000000 00:00 0 
7ffc507dc000-7ffc508da000 rw-p 00000000 00:00 0                          [stack:19769]
7ffc508da000-7ffc508dd000 ---p 00000000 00:00 0 
7ffc508dd000-7ffc509db000 rw-p 00000000 00:00 0                          [stack:28749]
7ffc509db000-7ffc509de000 ---p 00000000 00:00 0 
7ffc509de000-7ffc50adc000 rw-p 00000000 00:00 0                          [stack:28763]
7ffc50adc000-7ffc50adf000 ---p 00000000 00:00 0 
7ffc50adf000-7ffc50bdd000 rw-p 00000000 00:00 0                          [stack:28771]
7ffc50bdd000-7ffc50be0000 ---p 00000000 00:00 0 
7ffc50be0000-7ffc50cde000 rw-p 00000000 00:00 0                          [stack:28758]
7ffc50cde000-7ffc50ce1000 ---p 00000000 00:00 0 
7ffc50ce1000-7ffc50ddf000 rw-p 00000000 00:00 0                          [stack:28755]
7ffc50ddf000-7ffc50de2000 ---p 00000000 00:00 0 
7ffc50de2000-7ffc50ee0000 rw-p 00000000 00:00 0                          [stack:28773]
7ffc50ee0000-7ffc50ee3000 ---p 00000000 00:00 0 
7ffc50ee3000-7ffc50fe1000 rw-p 00000000 00:00 0                          [stack:28750]
7ffc50fe1000-7ffc50fe4000 ---p 00000000 00:00 0 
7ffc50fe4000-7ffc510e2000 rw-p 00000000 00:00 0                          [stack:28781]
7ffc510e2000-7ffc510e5000 ---p 00000000 00:00 0 
7ffc510e5000-7ffc511e3000 rw-p 00000000 00:00 0                          [stack:28823]
7ffc511e3000-7ffc511e6000 ---p 00000000 00:00 0 
7ffc511e6000-7ffc512e4000 rw-p 00000000 00:00 0                          [stack:28761]
7ffc512e4000-7ffc512e7000 ---p 00000000 00:00 0 
7ffc512e7000-7ffc513e5000 rw-p 00000000 00:00 0                          [stack:28797]
7ffc513e5000-7ffc513e8000 ---p 00000000 00:00 0 
7ffc513e8000-7ffc514e6000 rw-p 00000000 00:00 0                          [stack:28810]
7ffc514e6000-7ffc514e9000 ---p 00000000 00:00 0 
7ffc514e9000-7ffc515e7000 rw-p 00000000 00:00 0                          [stack:28776]
7ffc515e7000-7ffc515ea000 ---p 00000000 00:00 0 
7ffc515ea000-7ffc516e8000 rw-p 00000000 00:00 0                          [stack:28789]
7ffc516e8000-7ffc516eb000 ---p 00000000 00:00 0 
7ffc516eb000-7ffc517e9000 rw-p 00000000 00:00 0                          [stack:28806]
7ffc517e9000-7ffc517ec000 ---p 00000000 00:00 0 
7ffc517ec000-7ffc518ea000 rw-p 00000000 00:00 0                          [stack:28793]
7ffc518ea000-7ffc518ed000 ---p 00000000 00:00 0 
7ffc518ed000-7ffc519eb000 rw-p 00000000 00:00 0                          [stack:5260]
7ffc519eb000-7ffc519ee000 ---p 00000000 00:00 0 
7ffc519ee000-7ffc51aec000 rw-p 00000000 00:00 0                          [stack:5259]
7ffc51aec000-7ffc51aef000 ---p 00000000 00:00 0 
7ffc51aef000-7ffc51bed000 rw-p 00000000 00:00 0                          [stack:5258]
7ffc51bed000-7ffc51bf0000 ---p 00000000 00:00 0 
7ffc51bf0000-7ffc51cee000 rw-p 00000000 00:00 0                          [stack:5257]
7ffc51cee000-7ffc51cf1000 ---p 00000000 00:00 0 
7ffc51cf1000-7ffc51def000 rw-p 00000000 00:00 0                          [stack:5256]
7ffc51def000-7ffc51df2000 ---p 00000000 00:00 0 
7ffc51df2000-7ffc51ef0000 rw-p 00000000 00:00 0                          [stack:5255]
7ffc51ef0000-7ffc51ef3000 ---p 00000000 00:00 0 
7ffc51ef3000-7ffc51ff1000 rw-p 00000000 00:00 0                          [stack:5254]
7ffc51ff1000-7ffc51ff4000 ---p 00000000 00:00 0 
7ffc51ff4000-7ffc520f2000 rw-p 00000000 00:00 0                          [stack:5253]
7ffc520f2000-7ffc520f5000 ---p 00000000 00:00 0 
7ffc520f5000-7ffc521f3000 rw-p 00000000 00:00 0                          [stack:5252]
7ffc521f3000-7ffc521f6000 ---p 00000000 00:00 0 
7ffc521f6000-7ffc522f4000 rw-p 00000000 00:00 0                          [stack:5251]
7ffc522f4000-7ffc522f7000 ---p 00000000 00:00 0 
7ffc522f7000-7ffc523f5000 rw-p 00000000 00:00 0                          [stack:5250]
7ffc523f5000-7ffc523f8000 ---p 00000000 00:00 0 
7ffc523f8000-7ffc524f6000 rw-p 00000000 00:00 0                          [stack:5249]
7ffc524f6000-7ffc524f9000 ---p 00000000 00:00 0 
7ffc524f9000-7ffc525f7000 rw-p 00000000 00:00 0                          [stack:5248]
7ffc525f7000-7ffc525fa000 ---p 00000000 00:00 0 
7ffc525fa000-7ffc526f8000 rw-p 00000000 00:00 0                          [stack:5247]
7ffc526f8000-7ffc526fe000 r-xp 00000000 ca:01 1183569                    /opt/jdk1.7.0_79/jre/lib/amd64/headless/libmawt.so
7ffc526fe000-7ffc528fe000 ---p 00006000 ca:01 1183569                    /opt/jdk1.7.0_79/jre/lib/amd64/headless/libmawt.so
7ffc528fe000-7ffc528ff000 rw-p 00006000 ca:01 1183569                    /opt/jdk1.7.0_79/jre/lib/amd64/headless/libmawt.so
7ffc528ff000-7ffc529a1000 r-xp 00000000 ca:01 1183564                    /opt/jdk1.7.0_79/jre/lib/amd64/libawt.so
7ffc529a1000-7ffc52ba1000 ---p 000a2000 ca:01 1183564                    /opt/jdk1.7.0_79/jre/lib/amd64/libawt.so
7ffc52ba1000-7ffc52bad000 rw-p 000a2000 ca:01 1183564                    /opt/jdk1.7.0_79/jre/lib/amd64/libawt.so
7ffc52bad000-7ffc52bd1000 rw-p 00000000 00:00 0 
7ffc52bd1000-7ffc52bd4000 ---p 00000000 00:00 0 
7ffc52bd4000-7ffc52cd2000 rw-p 00000000 00:00 0                          [stack:28809]
7ffc52cd2000-7ffc52cd5000 ---p 00000000 00:00 0 
7ffc52cd5000-7ffc52dd3000 rw-p 00000000 00:00 0                          [stack:28765]
7ffc52dd3000-7ffc52dd6000 ---p 00000000 00:00 0 
7ffc52dd6000-7ffc52ed4000 rw-p 00000000 00:00 0                          [stack:28805]
7ffc52ed4000-7ffc52ed7000 ---p 00000000 00:00 0 
7ffc52ed7000-7ffc52fd5000 rw-p 00000000 00:00 0                          [stack:19774]
7ffc52fd5000-7ffc52fd8000 ---p 00000000 00:00 0 
7ffc52fd8000-7ffc530d6000 rw-p 00000000 00:00 0                          [stack:28799]
7ffc530d6000-7ffc530d9000 ---p 00000000 00:00 0 
7ffc530d9000-7ffc531d7000 rw-p 00000000 00:00 0                          [stack:28753]
7ffc531d7000-7ffc531e2000 r--s 0037c000 ca:01 1184235                    /opt/jdk1.7.0_79/jre/lib/charsets.jar
7ffc531e2000-7ffc531e5000 ---p 00000000 00:00 0 
7ffc531e5000-7ffc532e3000 rw-p 00000000 00:00 0                          [stack:10958]
7ffc532e3000-7ffc53318000 r--s 00000000 ca:01 401548                     /var/db/nscd/hosts
7ffc53329000-7ffc5332c000 ---p 00000000 00:00 0 
7ffc5332c000-7ffc5342a000 rw-p 00000000 00:00 0                          [stack:5246]
7ffc5349f000-7ffc534a2000 ---p 00000000 00:00 0 
7ffc534a2000-7ffc535a0000 rw-p 00000000 00:00 0 
7ffc535a0000-7ffc535a3000 ---p 00000000 00:00 0 
7ffc535a3000-7ffc536a1000 rw-p 00000000 00:00 0                          [stack:7480]
7ffc536a1000-7ffc536a4000 ---p 00000000 00:00 0 
7ffc536a4000-7ffc537a2000 rw-p 00000000 00:00 0                          [stack:5213]
7ffc537a2000-7ffc537b7000 r-xp 00000000 ca:01 150371                     /usr/lib64/libgcc_s-4.8.2-20140120.so.1
7ffc537b7000-7ffc539b6000 ---p 00015000 ca:01 150371                     /usr/lib64/libgcc_s-4.8.2-20140120.so.1
7ffc539b6000-7ffc539b7000 r--p 00014000 ca:01 150371                     /usr/lib64/libgcc_s-4.8.2-20140120.so.1
7ffc539b7000-7ffc539b8000 rw-p 00015000 ca:01 150371                     /usr/lib64/libgcc_s-4.8.2-20140120.so.1
7ffc539b8000-7ffc539ea000 r-xp 00000000 ca:01 1183542                    /opt/jdk1.7.0_79/jre/lib/amd64/libsunec.so
7ffc539ea000-7ffc53be9000 ---p 00032000 ca:01 1183542                    /opt/jdk1.7.0_79/jre/lib/amd64/libsunec.so
7ffc53be9000-7ffc53bef000 rw-p 00031000 ca:01 1183542                    /opt/jdk1.7.0_79/jre/lib/amd64/libsunec.so
7ffc53bef000-7ffc53bff000 rw-p 00000000 00:00 0 
7ffc53bff000-7ffc53c02000 ---p 00000000 00:00 0 
7ffc53c02000-7ffc54000000 rw-p 00000000 00:00 0                          [stack:5212]
7ffc54000000-7ffc54154000 rw-p 00000000 00:00 0 
7ffc54154000-7ffc58000000 ---p 00000000 00:00 0 
7ffc58083000-7ffc58084000 rw-p 00000000 00:00 0 
7ffc58084000-7ffc58088000 r--s 0002d000 ca:01 1184168                    /opt/jdk1.7.0_79/jre/lib/ext/sunjce_provider.jar
7ffc58088000-7ffc58089000 r--s 00003000 ca:01 1184166                    /opt/jdk1.7.0_79/jre/lib/ext/sunec.jar
7ffc58089000-7ffc5808d000 r--s 00037000 ca:01 1184167                    /opt/jdk1.7.0_79/jre/lib/ext/sunpkcs11.jar
7ffc5808d000-7ffc58090000 r--s 00019000 ca:01 1184135                    /opt/jdk1.7.0_79/jre/lib/jce.jar
7ffc58090000-7ffc58094000 r--s 0008b000 ca:01 1184158                    /opt/jdk1.7.0_79/jre/lib/jsse.jar
7ffc58094000-7ffc58098000 r--s 000f7000 ca:01 1184169                    /opt/jdk1.7.0_79/jre/lib/ext/localedata.jar
7ffc58098000-7ffc580a0000 r-xp 00000000 ca:01 1183539                    /opt/jdk1.7.0_79/jre/lib/amd64/libmanagement.so
7ffc580a0000-7ffc5829f000 ---p 00008000 ca:01 1183539                    /opt/jdk1.7.0_79/jre/lib/amd64/libmanagement.so
7ffc5829f000-7ffc582a0000 rw-p 00007000 ca:01 1183539                    /opt/jdk1.7.0_79/jre/lib/amd64/libmanagement.so
7ffc582a0000-7ffc582aa000 r--s 00253000 ca:01 1183609                    /opt/jdk1.7.0_79/jre/lib/resources.jar
7ffc582aa000-7ffc582ad000 r--s 00013000 ca:01 1192220                    /opt/apache-tomcat-starUser/lib/jsp-api.jar
7ffc582ad000-7ffc582ae000 r--s 0000a000 ca:01 1192213                    /opt/apache-tomcat-starUser/lib/tomcat-i18n-fr.jar
7ffc582ae000-7ffc582b1000 r--s 0001d000 ca:01 1192223                    /opt/apache-tomcat-starUser/lib/tomcat-jdbc.jar
7ffc582b1000-7ffc582b3000 r--s 0000a000 ca:01 1192219                    /opt/apache-tomcat-starUser/lib/tomcat-i18n-ja.jar
7ffc582b3000-7ffc582b7000 r--s 0003c000 ca:01 1192211                    /opt/apache-tomcat-starUser/lib/catalina-tribes.jar
7ffc582b7000-7ffc582b9000 r--s 0000c000 ca:01 1192215                    /opt/apache-tomcat-starUser/lib/catalina-ant.jar
7ffc582b9000-7ffc582bb000 r--s 0000c000 ca:01 1192209                    /opt/apache-tomcat-starUser/lib/el-api.jar
7ffc582bb000-7ffc582bd000 r--s 00007000 ca:01 1192217                    /opt/apache-tomcat-starUser/lib/tomcat-util.jar
7ffc582bd000-7ffc582cf000 r--s 00223000 ca:01 1192224                    /opt/apache-tomcat-starUser/lib/ecj-4.4.2.jar
7ffc582cf000-7ffc582e5000 r-xp 00000000 ca:01 1183565                    /opt/jdk1.7.0_79/jre/lib/amd64/libnet.so
7ffc582e5000-7ffc584e5000 ---p 00016000 ca:01 1183565                    /opt/jdk1.7.0_79/jre/lib/amd64/libnet.so
7ffc584e5000-7ffc584e6000 rw-p 00016000 ca:01 1183565                    /opt/jdk1.7.0_79/jre/lib/amd64/libnet.so
7ffc584e6000-7ffc584f6000 r-xp 00000000 ca:01 1183531                    /opt/jdk1.7.0_79/jre/lib/amd64/libnio.so
7ffc584f6000-7ffc586f6000 ---p 00010000 ca:01 1183531                    /opt/jdk1.7.0_79/jre/lib/amd64/libnio.so
7ffc586f6000-7ffc586f7000 rw-p 00010000 ca:01 1183531                    /opt/jdk1.7.0_79/jre/lib/amd64/libnio.so
7ffc586f7000-7ffc586f8000 ---p 00000000 00:00 0 
7ffc586f8000-7ffc587f8000 rw-p 00000000 00:00 0                          [stack:5208]
7ffc587f8000-7ffc587fb000 ---p 00000000 00:00 0 
7ffc587fb000-7ffc588f9000 rw-p 00000000 00:00 0                          [stack:5207]
7ffc588f9000-7ffc588fc000 ---p 00000000 00:00 0 
7ffc588fc000-7ffc589fa000 rw-p 00000000 00:00 0                          [stack:5206]
7ffc589fa000-7ffc589fd000 ---p 00000000 00:00 0 
7ffc589fd000-7ffc58afb000 rw-p 00000000 00:00 0                          [stack:5205]
7ffc58afb000-7ffc58afe000 ---p 00000000 00:00 0 
7ffc58afe000-7ffc58bfc000 rw-p 00000000 00:00 0                          [stack:5204]
7ffc58bfc000-7ffc58bff000 ---p 00000000 00:00 0 
7ffc58bff000-7ffc58cfd000 rw-p 00000000 00:00 0                          [stack:5203]
7ffc58cfd000-7ffc58d00000 ---p 00000000 00:00 0 
7ffc58d00000-7ffc58dfe000 rw-p 00000000 00:00 0                          [stack:5202]
7ffc58dfe000-7ffc58dff000 ---p 00000000 00:00 0 
7ffc58dff000-7ffc59000000 rw-p 00000000 00:00 0                          [stack:5201]
7ffc59000000-7ffc5a380000 rwxp 00000000 00:00 0 
7ffc5a380000-7ffc5c552000 rw-p 00000000 00:00 0 
7ffc5c552000-7ffc60000000 ---p 00000000 00:00 0 
7ffc60000000-7ffc60001000 r--s 00001000 ca:01 1192221                    /opt/apache-tomcat-starUser/lib/tomcat-api.jar
7ffc60001000-7ffc60006000 r--s 00030000 ca:01 1192218                    /opt/apache-tomcat-starUser/lib/tomcat7-websocket.jar
7ffc60006000-7ffc60008000 r--s 00007000 ca:01 1192205                    /opt/apache-tomcat-starUser/lib/websocket-api.jar
7ffc60008000-7ffc6000b000 r--s 0002e000 ca:01 1192216                    /opt/apache-tomcat-starUser/lib/servlet-api.jar
7ffc6000b000-7ffc6000c000 r--s 00003000 ca:01 1192207                    /opt/apache-tomcat-starUser/lib/annotations-api.jar
7ffc6000c000-7ffc6000f000 r--s 0001c000 ca:01 1192212                    /opt/apache-tomcat-starUser/lib/jasper-el.jar
7ffc6000f000-7ffc60016000 r--s 0008c000 ca:01 1192204                    /opt/apache-tomcat-starUser/lib/jasper.jar
7ffc60016000-7ffc6001a000 r--s 00036000 ca:01 1192206                    /opt/apache-tomcat-starUser/lib/tomcat-dbcp.jar
7ffc6001a000-7ffc60027000 r--s 000b5000 ca:01 1192222                    /opt/apache-tomcat-starUser/lib/tomcat-coyote.jar
7ffc60027000-7ffc6002a000 r--s 0001e000 ca:01 1192208                    /opt/apache-tomcat-starUser/lib/catalina-ha.jar
7ffc6002a000-7ffc6003d000 r--s 00181000 ca:01 1192210                    /opt/apache-tomcat-starUser/lib/catalina.jar
7ffc6003d000-7ffc60f1a000 rw-p 00000000 00:00 0 
7ffc60f1a000-7ffc610da000 r--s 039f7000 ca:01 1184214                    /opt/jdk1.7.0_79/jre/lib/rt.jar
7ffc610da000-7ffc61f20000 rw-p 00000000 00:00 0 
7ffc61f20000-7ffc61f21000 ---p 00000000 00:00 0 
7ffc61f21000-7ffc62021000 rw-p 00000000 00:00 0                          [stack:5200]
7ffc62021000-7ffc62022000 ---p 00000000 00:00 0 
7ffc62022000-7ffc62122000 rw-p 00000000 00:00 0                          [stack:5199]
7ffc62122000-7ffc62123000 ---p 00000000 00:00 0 
7ffc62123000-7ffc62223000 rw-p 00000000 00:00 0                          [stack:5198]
7ffc62223000-7ffc62224000 ---p 00000000 00:00 0 
7ffc62224000-7ffc6234f000 rw-p 00000000 00:00 0                          [stack:5197]
7ffc6234f000-7ffc62360000 ---p 00000000 00:00 0 
7ffc62360000-7ffc62388000 rw-p 00000000 00:00 0 
7ffc62388000-7ffc623f6000 rw-p 00000000 00:00 0 
7ffc623f6000-7ffc62407000 ---p 00000000 00:00 0 
7ffc62407000-7ffc6242f000 rw-p 00000000 00:00 0 
7ffc6242f000-7ffc62494000 rw-p 00000000 00:00 0 
7ffc62494000-7ffc624ae000 r-xp 00000000 ca:01 1183560                    /opt/jdk1.7.0_79/jre/lib/amd64/libzip.so
7ffc624ae000-7ffc626ae000 ---p 0001a000 ca:01 1183560                    /opt/jdk1.7.0_79/jre/lib/amd64/libzip.so
7ffc626ae000-7ffc626af000 rw-p 0001a000 ca:01 1183560                    /opt/jdk1.7.0_79/jre/lib/amd64/libzip.so
7ffc626af000-7ffc626ba000 r-xp 00000000 ca:01 132844                     /usr/lib64/libnss_files-2.17.so
7ffc626ba000-7ffc628b9000 ---p 0000b000 ca:01 132844                     /usr/lib64/libnss_files-2.17.so
7ffc628b9000-7ffc628ba000 r--p 0000a000 ca:01 132844                     /usr/lib64/libnss_files-2.17.so
7ffc628ba000-7ffc628bb000 rw-p 0000b000 ca:01 132844                     /usr/lib64/libnss_files-2.17.so
7ffc628bb000-7ffc628e4000 r-xp 00000000 ca:01 1183526                    /opt/jdk1.7.0_79/jre/lib/amd64/libjava.so
7ffc628e4000-7ffc62ae4000 ---p 00029000 ca:01 1183526                    /opt/jdk1.7.0_79/jre/lib/amd64/libjava.so
7ffc62ae4000-7ffc62ae6000 rw-p 00029000 ca:01 1183526                    /opt/jdk1.7.0_79/jre/lib/amd64/libjava.so
7ffc62ae6000-7ffc62af3000 r-xp 00000000 ca:01 1183553                    /opt/jdk1.7.0_79/jre/lib/amd64/libverify.so
7ffc62af3000-7ffc62cf2000 ---p 0000d000 ca:01 1183553                    /opt/jdk1.7.0_79/jre/lib/amd64/libverify.so
7ffc62cf2000-7ffc62cf4000 rw-p 0000c000 ca:01 1183553                    /opt/jdk1.7.0_79/jre/lib/amd64/libverify.so
7ffc62cf4000-7ffc62cfb000 r-xp 00000000 ca:01 132976                     /usr/lib64/librt-2.17.so
7ffc62cfb000-7ffc62efa000 ---p 00007000 ca:01 132976                     /usr/lib64/librt-2.17.so
7ffc62efa000-7ffc62efb000 r--p 00006000 ca:01 132976                     /usr/lib64/librt-2.17.so
7ffc62efb000-7ffc62efc000 rw-p 00007000 ca:01 132976                     /usr/lib64/librt-2.17.so
7ffc62efc000-7ffc62ffd000 r-xp 00000000 ca:01 132972                     /usr/lib64/libm-2.17.so
7ffc62ffd000-7ffc631fc000 ---p 00101000 ca:01 132972                     /usr/lib64/libm-2.17.so
7ffc631fc000-7ffc631fd000 r--p 00100000 ca:01 132972                     /usr/lib64/libm-2.17.so
7ffc631fd000-7ffc631fe000 rw-p 00101000 ca:01 132972                     /usr/lib64/libm-2.17.so
7ffc631fe000-7ffc63d73000 r-xp 00000000 ca:01 1183580                    /opt/jdk1.7.0_79/jre/lib/amd64/server/libjvm.so
7ffc63d73000-7ffc63f73000 ---p 00b75000 ca:01 1183580                    /opt/jdk1.7.0_79/jre/lib/amd64/server/libjvm.so
7ffc63f73000-7ffc64037000 rw-p 00b75000 ca:01 1183580                    /opt/jdk1.7.0_79/jre/lib/amd64/server/libjvm.so
7ffc64037000-7ffc64078000 rw-p 00000000 00:00 0 
7ffc64078000-7ffc6422e000 r-xp 00000000 ca:01 132826                     /usr/lib64/libc-2.17.so
7ffc6422e000-7ffc6442e000 ---p 001b6000 ca:01 132826                     /usr/lib64/libc-2.17.so
7ffc6442e000-7ffc64432000 r--p 001b6000 ca:01 132826                     /usr/lib64/libc-2.17.so
7ffc64432000-7ffc64434000 rw-p 001ba000 ca:01 132826                     /usr/lib64/libc-2.17.so
7ffc64434000-7ffc64439000 rw-p 00000000 00:00 0 
7ffc64439000-7ffc6443c000 r-xp 00000000 ca:01 132971                     /usr/lib64/libdl-2.17.so
7ffc6443c000-7ffc6463b000 ---p 00003000 ca:01 132971                     /usr/lib64/libdl-2.17.so
7ffc6463b000-7ffc6463c000 r--p 00002000 ca:01 132971                     /usr/lib64/libdl-2.17.so
7ffc6463c000-7ffc6463d000 rw-p 00003000 ca:01 132971                     /usr/lib64/libdl-2.17.so
7ffc6463d000-7ffc64653000 r-xp 00000000 ca:01 1184262                    /opt/jdk1.7.0_79/lib/amd64/jli/libjli.so
7ffc64653000-7ffc64853000 ---p 00016000 ca:01 1184262                    /opt/jdk1.7.0_79/lib/amd64/jli/libjli.so
7ffc64853000-7ffc64854000 rw-p 00016000 ca:01 1184262                    /opt/jdk1.7.0_79/lib/amd64/jli/libjli.so
7ffc64854000-7ffc6486a000 r-xp 00000000 ca:01 132852                     /usr/lib64/libpthread-2.17.so
7ffc6486a000-7ffc64a6a000 ---p 00016000 ca:01 132852                     /usr/lib64/libpthread-2.17.so
7ffc64a6a000-7ffc64a6b000 r--p 00016000 ca:01 132852                     /usr/lib64/libpthread-2.17.so
7ffc64a6b000-7ffc64a6c000 rw-p 00017000 ca:01 132852                     /usr/lib64/libpthread-2.17.so
7ffc64a6c000-7ffc64a70000 rw-p 00000000 00:00 0 
7ffc64a70000-7ffc64a91000 r-xp 00000000 ca:01 132819                     /usr/lib64/ld-2.17.so
7ffc64a91000-7ffc64b08000 rw-p 00000000 00:00 0 
7ffc64b08000-7ffc64b7a000 rw-p 00000000 00:00 0 
7ffc64b7a000-7ffc64b82000 rw-s 00000000 ca:01 1052301                    /tmp/hsperfdata_starcharge/5195
7ffc64b82000-7ffc64b85000 ---p 00000000 00:00 0 
7ffc64b85000-7ffc64c87000 rw-p 00000000 00:00 0                          [stack:5196]
7ffc64c87000-7ffc64c89000 r--s 00010000 ca:01 1192214                    /opt/apache-tomcat-starUser/lib/tomcat-i18n-es.jar
7ffc64c89000-7ffc64c8b000 r--s 00008000 ca:01 1190561                    /opt/apache-tomcat-starUser/bin/tomcat-juli.jar
7ffc64c8b000-7ffc64c8c000 r--s 00005000 ca:01 1190615                    /opt/apache-tomcat-starUser/bin/commons-daemon.jar
7ffc64c8c000-7ffc64c8d000 r--s 00006000 ca:01 1190559                    /opt/apache-tomcat-starUser/bin/bootstrap.jar
7ffc64c8d000-7ffc64c8e000 rw-p 00000000 00:00 0 
7ffc64c8e000-7ffc64c8f000 ---p 00000000 00:00 0 
7ffc64c8f000-7ffc64c90000 rw-p 00000000 00:00 0 
7ffc64c90000-7ffc64c91000 r--p 00020000 ca:01 132819                     /usr/lib64/ld-2.17.so
7ffc64c91000-7ffc64c92000 rw-p 00021000 ca:01 132819                     /usr/lib64/ld-2.17.so
7ffc64c92000-7ffc64c93000 rw-p 00000000 00:00 0 
7fffc46c3000-7fffc46e4000 rw-p 00000000 00:00 0                          [stack]
7fffc47d8000-7fffc47da000 r-xp 00000000 00:00 0                          [vdso]
ffffffffff600000-ffffffffff601000 r-xp 00000000 00:00 0                  [vsyscall]

VM Arguments:
jvm_args: -Djava.util.logging.config.file=/opt/apache-tomcat-starUser/conf/logging.properties -Djava.util.logging.manager=org.apache.juli.ClassLoaderLogManager -Dfile.encoding=UTF-8 -Xms200m -Xmx200m -XX:MaxPermSize=200m -Xverify:none -Djava.endorsed.dirs=/opt/apache-tomcat-starUser/endorsed -Dcatalina.base=/opt/apache-tomcat-starUser -Dcatalina.home=/opt/apache-tomcat-starUser -Djava.io.tmpdir=/opt/apache-tomcat-starUser/temp 
java_command: org.apache.catalina.startup.Bootstrap start
Launcher Type: SUN_STANDARD

Environment Variables:
PATH=/usr/local/bin:/usr/bin:/usr/local/sbin:/usr/sbin:/home/starcharge/.local/bin:/home/starcharge/bin
SHELL=/bin/bash

Signal Handlers:
SIGSEGV: [libjvm.so+0x9a3bf0], sa_mask[0]=0x7ffbfeff, sa_flags=0x10000004
SIGBUS: [libjvm.so+0x9a3bf0], sa_mask[0]=0x7ffbfeff, sa_flags=0x10000004
SIGFPE: [libjvm.so+0x81cb60], sa_mask[0]=0x7ffbfeff, sa_flags=0x10000004
SIGPIPE: [libjvm.so+0x81cb60], sa_mask[0]=0x7ffbfeff, sa_flags=0x10000004
SIGXFSZ: [libjvm.so+0x81cb60], sa_mask[0]=0x7ffbfeff, sa_flags=0x10000004
SIGILL: [libjvm.so+0x81cb60], sa_mask[0]=0x7ffbfeff, sa_flags=0x10000004
SIGUSR1: SIG_DFL, sa_mask[0]=0x00000000, sa_flags=0x00000000
SIGUSR2: [libjvm.so+0x81e360], sa_mask[0]=0x00000000, sa_flags=0x10000004
SIGHUP: [libjvm.so+0x81f480], sa_mask[0]=0x7ffbfeff, sa_flags=0x10000004
SIGINT: SIG_IGN, sa_mask[0]=0x00000000, sa_flags=0x00000000
SIGTERM: [libjvm.so+0x81f480], sa_mask[0]=0x7ffbfeff, sa_flags=0x10000004
SIGQUIT: [libjvm.so+0x81f480], sa_mask[0]=0x7ffbfeff, sa_flags=0x10000004


---------------  S Y S T E M  ---------------

OS:CentOS Linux release 7.0.1406 (Core) 

uname:Linux 3.10.0-123.9.3.el7.x86_64 #1 SMP Thu Nov 6 15:06:03 UTC 2014 x86_64
libc:glibc 2.17 NPTL 2.17 
rlimit: STACK 8192k, CORE 0k, NPROC 4096, NOFILE 65535, AS infinity
load average:1.89 0.86 0.66

/proc/meminfo:
MemTotal:       16006448 kB
MemFree:          172812 kB
MemAvailable:    6986876 kB
Buffers:          159500 kB
Cached:          6681148 kB
SwapCached:            0 kB
Active:         11883580 kB
Inactive:        3379468 kB
Active(anon):    8493572 kB
Inactive(anon):    60456 kB
Active(file):    3390008 kB
Inactive(file):  3319012 kB
Unevictable:           0 kB
Mlocked:               0 kB
SwapTotal:             0 kB
SwapFree:              0 kB
Dirty:               432 kB
Writeback:             0 kB
AnonPages:       8422620 kB
Mapped:            48756 kB
Shmem:            131500 kB
Slab:             400256 kB
SReclaimable:     358448 kB
SUnreclaim:        41808 kB
KernelStack:        9656 kB
PageTables:        24312 kB
NFS_Unstable:          0 kB
Bounce:                0 kB
WritebackTmp:          0 kB
CommitLimit:     8003224 kB
Committed_AS:   14848652 kB
VmallocTotal:   34359738367 kB
VmallocUsed:       27888 kB
VmallocChunk:   34359709587 kB
HardwareCorrupted:     0 kB
AnonHugePages:   6184960 kB
HugePages_Total:       0
HugePages_Free:        0
HugePages_Rsvd:        0
HugePages_Surp:        0
Hugepagesize:       2048 kB
DirectMap4k:      110592 kB
DirectMap2M:    16666624 kB


CPU:total 4 (32 cores per cpu, 2 threads per core) family 6 model 45 stepping 7, cmov, cx8, fxsr, mmx, sse, sse2, sse3, ssse3, sse4.1, sse4.2, popcnt, aes, ht, tsc

/proc/cpuinfo:
processor	: 0
vendor_id	: GenuineIntel
cpu family	: 6
model		: 45
model name	: Intel(R) Xeon(R) CPU E5-2630 0 @ 2.30GHz
stepping	: 7
microcode	: 0x70d
cpu MHz		: 2300.080
cache size	: 15360 KB
physical id	: 0
siblings	: 4
core id		: 0
cpu cores	: 4
apicid		: 0
initial apicid	: 0
fpu		: yes
fpu_exception	: yes
cpuid level	: 13
wp		: yes
flags		: fpu vme de pse tsc msr pae mce cx8 apic sep mtrr pge mca cmov pat clflush mmx fxsr sse sse2 ht syscall nx rdtscp lm constant_tsc rep_good nopl pni ssse3 cx16 sse4_1 sse4_2 popcnt aes hypervisor lahf_lm
bogomips	: 4600.16
clflush size	: 64
cache_alignment	: 64
address sizes	: 46 bits physical, 48 bits virtual
power management:

processor	: 1
vendor_id	: GenuineIntel
cpu family	: 6
model		: 45
model name	: Intel(R) Xeon(R) CPU E5-2630 0 @ 2.30GHz
stepping	: 7
microcode	: 0x70d
cpu MHz		: 2300.080
cache size	: 15360 KB
physical id	: 0
siblings	: 4
core id		: 1
cpu cores	: 4
apicid		: 2
initial apicid	: 2
fpu		: yes
fpu_exception	: yes
cpuid level	: 13
wp		: yes
flags		: fpu vme de pse tsc msr pae mce cx8 apic sep mtrr pge mca cmov pat clflush mmx fxsr sse sse2 ht syscall nx rdtscp lm constant_tsc rep_good nopl pni ssse3 cx16 sse4_1 sse4_2 popcnt aes hypervisor lahf_lm
bogomips	: 4600.16
clflush size	: 64
cache_alignment	: 64
address sizes	: 46 bits physical, 48 bits virtual
power management:

processor	: 2
vendor_id	: GenuineIntel
cpu family	: 6
model		: 45
model name	: Intel(R) Xeon(R) CPU E5-2630 0 @ 2.30GHz
stepping	: 7
microcode	: 0x70d
cpu MHz		: 2300.080
cache size	: 15360 KB
physical id	: 0
siblings	: 4
core id		: 2
cpu cores	: 4
apicid		: 4
initial apicid	: 4
fpu		: yes
fpu_exception	: yes
cpuid level	: 13
wp		: yes
flags		: fpu vme de pse tsc msr pae mce cx8 apic sep mtrr pge mca cmov pat clflush mmx fxsr sse sse2 ht syscall nx rdtscp lm constant_tsc rep_good nopl pni ssse3 cx16 sse4_1 sse4_2 popcnt aes hypervisor lahf_lm
bogomips	: 4600.16
clflush size	: 64
cache_alignment	: 64
address sizes	: 46 bits physical, 48 bits virtual
power management:

processor	: 3
vendor_id	: GenuineIntel
cpu family	: 6
model		: 45
model name	: Intel(R) Xeon(R) CPU E5-2630 0 @ 2.30GHz
stepping	: 7
microcode	: 0x70d
cpu MHz		: 2300.080
cache size	: 15360 KB
physical id	: 0
siblings	: 4
core id		: 3
cpu cores	: 4
apicid		: 6
initial apicid	: 6
fpu		: yes
fpu_exception	: yes
cpuid level	: 13
wp		: yes
flags		: fpu vme de pse tsc msr pae mce cx8 apic sep mtrr pge mca cmov pat clflush mmx fxsr sse sse2 ht syscall nx rdtscp lm constant_tsc rep_good nopl pni ssse3 cx16 sse4_1 sse4_2 popcnt aes hypervisor lahf_lm
bogomips	: 4600.16
clflush size	: 64
cache_alignment	: 64
address sizes	: 46 bits physical, 48 bits virtual
power management:



Memory: 4k page, physical 16006448k(172812k free), swap 0k(0k free)

vm_info: Java HotSpot(TM) 64-Bit Server VM (24.79-b02) for linux-amd64 JRE (1.7.0_79-b15), built on Apr 10 2015 11:34:48 by "java_re" with gcc 4.3.0 20080428 (Red Hat 4.3.0-8)

time: Mon Mar 13 09:00:48 2017
elapsed time: 4059527 seconds

